<?xml version="1.0" encoding="UTF-8"?>
<testng-results skipped="0" failed="0" total="1" passed="1">
  <reporter-output>
  </reporter-output>
  <suite name="FirstTest" duration-ms="24798" started-at="2018-12-21T16:49:06Z" finished-at="2018-12-21T16:49:31Z">
    <groups>
    </groups>
    <test name="Command line test" duration-ms="24798" started-at="2018-12-21T16:49:06Z" finished-at="2018-12-21T16:49:31Z">
      <class name="FirstTest">
        <test-method status="PASS" signature="setUp()[pri:0, instance:FirstTest@3d24753a]" name="setUp" is-config="true" duration-ms="4241" started-at="2018-12-21T19:49:06Z" finished-at="2018-12-21T19:49:11Z">
          <reporter-output>
          </reporter-output>
        </test-method> <!-- setUp -->
        <test-method status="PASS" signature="googleTest()[pri:0, instance:FirstTest@3d24753a]" name="googleTest" duration-ms="19820" started-at="2018-12-21T19:49:11Z" finished-at="2018-12-21T19:49:30Z">
          <reporter-output>
          </reporter-output>
        </test-method> <!-- googleTest -->
        <test-method status="PASS" signature="shutDown()[pri:0, instance:FirstTest@3d24753a]" name="shutDown" is-config="true" duration-ms="725" started-at="2018-12-21T19:49:30Z" finished-at="2018-12-21T19:49:31Z">
          <reporter-output>
          </reporter-output>
        </test-method> <!-- shutDown -->
      </class> <!-- FirstTest -->
    </test> <!-- Command line test -->
  </suite> <!-- FirstTest -->
</testng-results>
